TN:
SF:script/DeployScript.s.sol
DA:13,10
FN:13,DeployDSC.run
FNDA:10,DeployDSC.run
DA:14,10
DA:15,10
DA:16,10
DA:17,10
DA:19,10
DA:20,10
DA:27,0
FN:27,DeployDSC.deployer
FNDA:0,DeployDSC.deployer
DA:28,10
DA:29,10
DA:30,10
DA:31,10
DA:32,10
FNF:2
FNH:1
LF:13
LH:12
BRF:0
BRH:0
end_of_record
TN:
SF:script/HelperConfig.s.sol
DA:24,10
FN:24,HelperConfig.constructor
FNDA:10,HelperConfig.constructor
DA:25,10
BRDA:25,0,0,-
BRDA:25,0,1,10
DA:26,0
DA:28,10
DA:36,0
FN:36,HelperConfig._getSepoliaNetworkConfig
FNDA:0,HelperConfig._getSepoliaNetworkConfig
DA:40,0
DA:50,10
FN:50,HelperConfig._getAnvilNetworkConfig
FNDA:10,HelperConfig._getAnvilNetworkConfig
DA:51,10
BRDA:51,1,0,-
DA:52,0
DA:54,10
DA:55,10
DA:59,10
DA:61,10
DA:65,10
DA:66,10
DA:68,10
FNF:3
FNH:2
LF:16
LH:12
BRF:3
BRH:1
end_of_record
TN:
SF:src/DSCEngine.sol
DA:93,0
FN:93,DSCEngine.moreThanZero
FNDA:0,DSCEngine.moreThanZero
DA:94,0
BRDA:94,0,0,-
DA:95,0
DA:100,7
FN:100,DSCEngine.isAllowed
FNDA:7,DSCEngine.isAllowed
DA:101,7
BRDA:101,1,0,-
DA:102,0
DA:107,0
FN:107,DSCEngine.healthFactorCheck
FNDA:0,DSCEngine.healthFactorCheck
DA:108,0
BRDA:108,2,0,-
DA:109,0
DA:118,10
FN:118,DSCEngine.constructor
FNDA:10,DSCEngine.constructor
DA:123,10
BRDA:123,3,0,-
DA:124,0
DA:126,10
DA:127,20
DA:128,20
DA:130,10
DA:142,5
FN:142,DSCEngine.depositCollateralAndMintDsc
FNDA:5,DSCEngine.depositCollateralAndMintDsc
DA:147,5
DA:148,5
DA:157,3
FN:157,DSCEngine.depositCollateral
FNDA:3,DSCEngine.depositCollateral
DA:166,7
DA:169,7
DA:174,7
DA:179,7
BRDA:179,4,0,-
DA:180,0
DA:190,1
FN:190,DSCEngine.redeemCollateralForDsc
FNDA:1,DSCEngine.redeemCollateralForDsc
DA:195,1
DA:196,1
DA:204,3
FN:204,DSCEngine.redeemCollateral
FNDA:3,DSCEngine.redeemCollateral
DA:208,3
DA:222,1
FN:222,DSCEngine.mintDSC
FNDA:1,DSCEngine.mintDSC
DA:223,6
DA:224,6
DA:225,6
DA:226,6
BRDA:226,5,0,-
DA:227,0
DA:231,1
FN:231,DSCEngine.burnDsc
FNDA:1,DSCEngine.burnDsc
DA:232,2
DA:246,0
FN:246,DSCEngine.liquidate
FNDA:0,DSCEngine.liquidate
DA:251,0
DA:253,0
BRDA:253,6,0,-
DA:254,0
DA:257,0
DA:261,0
DA:264,0
DA:266,0
DA:272,0
DA:274,0
DA:275,0
BRDA:275,7,0,-
DA:276,0
DA:278,0
DA:281,0
FN:281,DSCEngine.getHealthFactor
FNDA:0,DSCEngine.getHealthFactor
DA:286,3
FN:286,DSCEngine._redeemCollateral
FNDA:3,DSCEngine._redeemCollateral
DA:292,3
DA:293,2
DA:299,2
DA:303,2
BRDA:303,8,0,-
DA:304,0
DA:308,6
FN:308,DSCEngine._getAccountInformation
FNDA:6,DSCEngine._getAccountInformation
DA:315,6
DA:316,6
DA:319,6
FN:319,DSCEngine._healthFactor
FNDA:6,DSCEngine._healthFactor
DA:322,6
DA:325,6
DA:326,6
DA:328,6
DA:331,6
FN:331,DSCEngine._revertIfHealthFactorIsBroken
FNDA:6,DSCEngine._revertIfHealthFactorIsBroken
DA:334,6
DA:335,6
BRDA:335,9,0,-
DA:336,0
DA:343,0
FN:343,DSCEngine.getAccountCollateralValue
FNDA:0,DSCEngine.getAccountCollateralValue
DA:346,6
DA:347,12
DA:348,12
DA:349,12
DA:353,2
FN:353,DSCEngine._burnDsc
FNDA:2,DSCEngine._burnDsc
DA:358,2
DA:360,2
DA:366,2
BRDA:366,10,0,-
DA:367,0
DA:369,2
DA:372,2
FN:372,DSCEngine.getUsdValue
FNDA:2,DSCEngine.getUsdValue
DA:376,14
DA:379,14
DA:380,14
DA:381,14
DA:384,2
FN:384,DSCEngine.getUserCollateralBalance
FNDA:2,DSCEngine.getUserCollateralBalance
DA:388,2
DA:391,1
FN:391,DSCEngine.getUserDSCTokenMinted
FNDA:1,DSCEngine.getUserDSCTokenMinted
DA:392,1
DA:395,0
FN:395,DSCEngine.getTokenAmountFromUsd
FNDA:0,DSCEngine.getTokenAmountFromUsd
DA:399,0
DA:402,0
DA:404,0
DA:405,0
FNF:22
FNH:16
LF:95
LH:62
BRF:11
BRH:0
end_of_record
TN:
SF:src/DecentralizedStableCoin.sol
DA:47,3
FN:47,DecentralizedStableCoin.burn
FNDA:3,DecentralizedStableCoin.burn
DA:48,3
DA:49,3
BRDA:49,0,0,-
DA:50,0
DA:52,3
BRDA:52,1,0,-
DA:53,0
DA:55,3
DA:58,10
FN:58,DecentralizedStableCoin.mint
FNDA:10,DecentralizedStableCoin.mint
DA:59,10
BRDA:59,2,0,1
DA:60,1
DA:62,9
BRDA:62,3,0,1
DA:63,1
DA:65,8
DA:66,8
FNF:2
FNH:2
LF:14
LH:12
BRF:4
BRH:2
end_of_record
